GROUP,PACKAGE,CLASS,INSTRUCTION_MISSED,INSTRUCTION_COVERED,BRANCH_MISSED,BRANCH_COVERED,LINE_MISSED,LINE_COVERED,COMPLEXITY_MISSED,COMPLEXITY_COVERED,METHOD_MISSED,METHOD_COVERED
tp4,tsi.ensg.jee.colloque.session,HibernateUtils,55,0,0,0,20,0,4,0,4,0
tp4,tsi.ensg.jee.colloque.session,Application,118,0,0,0,19,0,2,0,2,0
tp4,tsi.ensg.jee.colloque.services,IntervenantDao,113,0,0,0,34,0,6,0,6,0
tp4,tsi.ensg.jee.colloque.services,ParticipantDao,111,0,0,0,34,0,6,0,6,0
tp4,tsi.ensg.jee.colloque.services,EvenementDao,116,0,0,0,35,0,6,0,6,0
tp4,tsi.ensg.jee.colloque.metier,Intervenant,99,0,12,0,17,0,15,0,9,0
tp4,tsi.ensg.jee.colloque.metier,Evenement,274,0,26,0,40,0,39,0,26,0
tp4,tsi.ensg.jee.colloque.metier,Participant,150,42,20,0,14,16,21,8,11,8
