GROUP,PACKAGE,CLASS,INSTRUCTION_MISSED,INSTRUCTION_COVERED,BRANCH_MISSED,BRANCH_COVERED,LINE_MISSED,LINE_COVERED,COMPLEXITY_MISSED,COMPLEXITY_COVERED,METHOD_MISSED,METHOD_COVERED
tp4,tsi.ensg.jee.colloque.session,HibernateUtils,42,13,0,0,16,4,3,1,3,1
tp4,tsi.ensg.jee.colloque.session,Application,118,0,0,0,19,0,2,0,2,0
tp4,tsi.ensg.jee.colloque.services,IntervenantDao,113,0,0,0,34,0,6,0,6,0
tp4,tsi.ensg.jee.colloque.services,ParticipantDao,0,112,0,0,0,35,0,6,0,6
tp4,tsi.ensg.jee.colloque.services,EvenementDao,0,139,0,0,0,43,0,7,0,7
tp4,tsi.ensg.jee.colloque.metier,Intervenant,96,3,12,0,15,2,14,1,8,1
tp4,tsi.ensg.jee.colloque.metier,Evenement,0,274,9,17,0,40,9,30,0,26
tp4,tsi.ensg.jee.colloque.metier,Participant,0,192,6,14,0,30,6,23,0,19
