<?xml version="1.0" encoding="UTF-8"?>
<testsuite xmlns:xsi="http://www.w3.org/2001/XMLSchema-instance" xsi:noNamespaceSchemaLocation="https://maven.apache.org/surefire/maven-surefire-plugin/xsd/surefire-test-report.xsd" name="tsi.ensg.jee.metier.EvenementTest" time="0.076" tests="9" errors="0" skipped="0" failures="0">
  <properties>
[...]
</properties>
  <testcase name="testMethodEqualsNull" classname="tsi.ensg.jee.metier.EvenementTest" time="0.004"/>
  <testcase name="testMethodEqualsSame" classname="tsi.ensg.jee.metier.EvenementTest" time="0"/>
  <testcase name="testMethodEqualsTrue" classname="tsi.ensg.jee.metier.EvenementTest" time="0"/>
  <testcase name="testMethodEqualsFalse" classname="tsi.ensg.jee.metier.EvenementTest" time="0.001"/>
  <testcase name="testDefaultConstructeurFullFilled" classname="tsi.ensg.jee.metier.EvenementTest" time="0"/>
  <testcase name="testDefaultConstructeurSetter" classname="tsi.ensg.jee.metier.EvenementTest" time="0.001"/>
  <testcase name="testHashCodeMethodTrue" classname="tsi.ensg.jee.metier.EvenementTest" time="0"/>
  <testcase name="testToStringMethod" classname="tsi.ensg.jee.metier.EvenementTest" time="0.024"/>
  <testcase name="testDefaultConstructor" classname="tsi.ensg.jee.metier.EvenementTest" time="0"/>
</testsuite>